<?xml version="1.0" encoding="UTF-8"?>
<!-- Generated by org.testng.reporters.JUnitXMLReporter -->
<testsuite ignored="0" hostname="del1-lhp-n72302" failures="0" tests="26" name="Default test" time="6.337" errors="0" timestamp="2021-05-18T11:50:25 IST">
  <testcase classname="in.stackRoute.RestAssured.RegisterRestTest" name="test_postRegister_negative" time="2.718"/>
  <testcase classname="in.stackRoute.RestAssured.RegisterRestTest" name="test_postRegister_negative" time="0.035"/>
  <testcase classname="in.stackRoute.RestAssured.RegisterRestTest" name="test_postRegister_negative" time="0.031"/>
  <testcase classname="in.stackRoute.RestAssured.RegisterRestTest" name="test_postRegister_negative" time="0.035"/>
  <testcase classname="in.stackRoute.RestAssured.RegisterRestTest" name="test_postRegister_negative" time="0.033"/>
  <testcase classname="in.stackRoute.RestAssured.RegisterRestTest" name="test_postRegister_negative" time="0.043"/>
  <testcase classname="in.stackRoute.RestAssured.WithoutAuthTest" name="test_AddBookToDB_WithoutAuth" time="0.03"/>
  <testcase classname="in.stackRoute.RestAssured.WithoutAuthTest" name="test_AddToFav_WithoutAuth" time="0.034"/>
  <testcase classname="in.stackRoute.RestAssured.WithoutAuthTest" name="test_RemoveFromFav_WithoutAuth" time="0.037"/>
  <testcase classname="in.stackRoute.RestAssured.WithoutAuthTest" name="test_getAllBooks_WithoutAuth" time="0.027"/>
  <testcase classname="in.stackRoute.RestAssured.WithoutAuthTest" name="test_getBookByID_WithoutAuth" time="0.024"/>
  <testcase classname="in.stackRoute.RestAssured.WithoutAuthTest" name="test_getFav_WithoutAuth" time="0.022"/>
  <testcase classname="in.stackRoute.RestAssured.WithoutAuthTest" name="test_getHomePage_WithoutAuth" time="0.02"/>
  <testcase classname="in.stackRoute.RestAssured.RestAssuredTest" name="test_postAuth_positive" time="0.029"/>
  <testcase classname="in.stackRoute.RestAssured.RestAssuredTest" name="test_postAuth_negative" time="0.721"/>
  <testcase classname="in.stackRoute.RestAssured.RestAssuredTest" name="test_postAuth_negative" time="0.073"/>
  <testcase classname="in.stackRoute.RestAssured.RestAssuredTest" name="test_postAuth_negative" time="0.062"/>
  <testcase classname="in.stackRoute.RestAssured.RestAssuredTest" name="test_postAuth_negative" time="0.054"/>
  <testcase classname="in.stackRoute.RestAssured.RestAssuredTest" name="test_postAuth_negative" time="0.062"/>
  <testcase classname="in.stackRoute.RestAssured.RestAssuredTest" name="test_getHomePage_withAuth" time="0.101"/>
  <testcase classname="in.stackRoute.RestAssured.RestAssuredTest" name="test_getBookById_withAuth" time="0.054"/>
  <testcase classname="in.stackRoute.RestAssured.RestAssuredTest" name="test_getAllBooks_withAuth" time="0.05"/>
  <testcase classname="in.stackRoute.RestAssured.RestAssuredTest" name="test_RemoveFromFavourite_withAuth" time="0.042"/>
  <testcase classname="in.stackRoute.RestAssured.RestAssuredTest" name="test_AddToFavourite_withAuth" time="0.049"/>
  <testcase classname="in.stackRoute.RestAssured.RestAssuredTest" name="test_addBooksToDb_withAuth" time="1.783"/>
  <testcase classname="in.stackRoute.RestAssured.RestAssuredTest" name="test_fav_withAuth" time="0.027"/>
</testsuite> <!-- Default test -->
