<?xml version="1.0" encoding="UTF-8"?>
<!-- Generated by org.testng.reporters.JUnitXMLReporter -->
<testsuite ignored="0" hostname="del1-lhp-n72302" failures="0" tests="25" name="Default test" time="3.699" errors="0" timestamp="2021-05-21T01:13:11 IST">
  <testcase classname="in.stackRoute.RestAssured.RegisterRestTest" name="test_postRegister_negative" time="2.096"/>
  <testcase classname="in.stackRoute.RestAssured.RegisterRestTest" name="test_postRegister_negative" time="0.039"/>
  <testcase classname="in.stackRoute.RestAssured.RegisterRestTest" name="test_postRegister_negative" time="0.033"/>
  <testcase classname="in.stackRoute.RestAssured.RegisterRestTest" name="test_postRegister_negative" time="0.037"/>
  <testcase classname="in.stackRoute.RestAssured.RegisterRestTest" name="test_postRegister_negative" time="0.029"/>
  <testcase classname="in.stackRoute.RestAssured.RegisterRestTest" name="test_postRegister_negative" time="0.041"/>
  <testcase classname="in.stackRoute.RestAssured.WithoutAuthTest" name="test_AddBookToDB_WithoutAuth" time="0.029"/>
  <testcase classname="in.stackRoute.RestAssured.WithoutAuthTest" name="test_AddToFav_WithoutAuth" time="0.032"/>
  <testcase classname="in.stackRoute.RestAssured.WithoutAuthTest" name="test_RemoveFromFav_WithoutAuth" time="0.038"/>
  <testcase classname="in.stackRoute.RestAssured.WithoutAuthTest" name="test_getAllBooks_WithoutAuth" time="0.024"/>
  <testcase classname="in.stackRoute.RestAssured.WithoutAuthTest" name="test_getBookByID_WithoutAuth" time="0.024"/>
  <testcase classname="in.stackRoute.RestAssured.WithoutAuthTest" name="test_getFav_WithoutAuth" time="0.015"/>
  <testcase classname="in.stackRoute.RestAssured.WithoutAuthTest" name="test_getHomePage_WithoutAuth" time="0.017"/>
  <testcase classname="in.stackRoute.RestAssured.RestAssuredTest" name="test_postAuth_positive" time="0.368"/>
  <testcase classname="in.stackRoute.RestAssured.RestAssuredTest" name="test_postAuth_negative" time="0.127"/>
  <testcase classname="in.stackRoute.RestAssured.RestAssuredTest" name="test_postAuth_negative" time="0.08"/>
  <testcase classname="in.stackRoute.RestAssured.RestAssuredTest" name="test_postAuth_negative" time="0.046"/>
  <testcase classname="in.stackRoute.RestAssured.RestAssuredTest" name="test_postAuth_negative" time="0.055"/>
  <testcase classname="in.stackRoute.RestAssured.RestAssuredTest" name="test_postAuth_negative" time="0.057"/>
  <testcase classname="in.stackRoute.RestAssured.RestAssuredTest" name="test_getHomePage_withAuth" time="0.127"/>
  <testcase classname="in.stackRoute.RestAssured.RestAssuredTest" name="test_getBookById_withAuth" time="0.062"/>
  <testcase classname="in.stackRoute.RestAssured.RestAssuredTest" name="test_getAllBooks_withAuth" time="0.092"/>
  <testcase classname="in.stackRoute.RestAssured.RestAssuredTest" name="test_RemoveFromFavourite_withAuth" time="0.042"/>
  <testcase classname="in.stackRoute.RestAssured.RestAssuredTest" name="test_AddToFavourite_withAuth" time="0.056"/>
  <testcase classname="in.stackRoute.RestAssured.RestAssuredTest" name="test_fav_withAuth" time="0.036"/>
</testsuite> <!-- Default test -->
