<?xml version="1.0" encoding="UTF-8"?>
<testng-results ignored="0" total="25" passed="25" failed="0" skipped="0">
  <reporter-output>
  </reporter-output>
  <suite started-at="2021-05-26T14:38:45 IST" name="Default suite" finished-at="2021-05-26T14:38:48 IST" duration-ms="2388">
    <groups>
    </groups>
    <test started-at="2021-05-26T14:38:45 IST" name="Default test" finished-at="2021-05-26T14:38:48 IST" duration-ms="2388">
      <class name="in.stackRoute.RestAssured.RestAssuredTest">
        <test-method signature="test_postAuth_positive(java.lang.String)[pri:3, instance:in.stackRoute.RestAssured.RestAssuredTest@4808bc9b]" started-at="2021-05-26T14:38:47 IST" name="test_postAuth_positive" data-provider="positive_auth_data" finished-at="2021-05-26T14:38:47 IST" duration-ms="343" status="PASS">
          <params>
            <param index="0">
              <value>
                <![CDATA[{
  "userName" : "user22",
  "password" : "pass"
}]]>
              </value>
            </param>
          </params>
          <reporter-output>
          </reporter-output>
        </test-method> <!-- test_postAuth_positive -->
        <test-method signature="test_postAuth_negative(java.lang.String)[pri:4, instance:in.stackRoute.RestAssured.RestAssuredTest@4808bc9b]" started-at="2021-05-26T14:38:47 IST" name="test_postAuth_negative" data-provider="negtive_auth_data" finished-at="2021-05-26T14:38:47 IST" duration-ms="89" status="PASS">
          <params>
            <param index="0">
              <value>
                <![CDATA[{
  "userName" : "",
  "password" : "pass"
}]]>
              </value>
            </param>
          </params>
          <reporter-output>
          </reporter-output>
        </test-method> <!-- test_postAuth_negative -->
        <test-method signature="test_postAuth_negative(java.lang.String)[pri:4, instance:in.stackRoute.RestAssured.RestAssuredTest@4808bc9b]" started-at="2021-05-26T14:38:47 IST" name="test_postAuth_negative" data-provider="negtive_auth_data" finished-at="2021-05-26T14:38:47 IST" duration-ms="61" status="PASS">
          <params>
            <param index="0">
              <value>
                <![CDATA[{
  "userName" : "user6",
  "password" : ""
}]]>
              </value>
            </param>
          </params>
          <reporter-output>
          </reporter-output>
        </test-method> <!-- test_postAuth_negative -->
        <test-method signature="test_postAuth_negative(java.lang.String)[pri:4, instance:in.stackRoute.RestAssured.RestAssuredTest@4808bc9b]" started-at="2021-05-26T14:38:47 IST" name="test_postAuth_negative" data-provider="negtive_auth_data" finished-at="2021-05-26T14:38:47 IST" duration-ms="39" status="PASS">
          <params>
            <param index="0">
              <value>
                <![CDATA[{
  "userName" : "",
  "password" : ""
}]]>
              </value>
            </param>
          </params>
          <reporter-output>
          </reporter-output>
        </test-method> <!-- test_postAuth_negative -->
        <test-method signature="test_postAuth_negative(java.lang.String)[pri:4, instance:in.stackRoute.RestAssured.RestAssuredTest@4808bc9b]" started-at="2021-05-26T14:38:47 IST" name="test_postAuth_negative" data-provider="negtive_auth_data" finished-at="2021-05-26T14:38:47 IST" duration-ms="42" status="PASS">
          <params>
            <param index="0">
              <value>
                <![CDATA[{
  "userName" : "user6",
  "password" : "WRONG_PASSWORD"
}]]>
              </value>
            </param>
          </params>
          <reporter-output>
          </reporter-output>
        </test-method> <!-- test_postAuth_negative -->
        <test-method signature="test_postAuth_negative(java.lang.String)[pri:4, instance:in.stackRoute.RestAssured.RestAssuredTest@4808bc9b]" started-at="2021-05-26T14:38:47 IST" name="test_postAuth_negative" data-provider="negtive_auth_data" finished-at="2021-05-26T14:38:47 IST" duration-ms="40" status="PASS">
          <params>
            <param index="0">
              <value>
                <![CDATA[{
  "userName" : "user1000",
  "password" : "pass"
}]]>
              </value>
            </param>
          </params>
          <reporter-output>
          </reporter-output>
        </test-method> <!-- test_postAuth_negative -->
        <test-method signature="test_getHomePage_withAuth()[pri:5, instance:in.stackRoute.RestAssured.RestAssuredTest@4808bc9b]" started-at="2021-05-26T14:38:47 IST" name="test_getHomePage_withAuth" finished-at="2021-05-26T14:38:48 IST" duration-ms="95" status="PASS">
          <reporter-output>
          </reporter-output>
        </test-method> <!-- test_getHomePage_withAuth -->
        <test-method signature="test_getBookById_withAuth()[pri:6, instance:in.stackRoute.RestAssured.RestAssuredTest@4808bc9b]" started-at="2021-05-26T14:38:48 IST" name="test_getBookById_withAuth" finished-at="2021-05-26T14:38:48 IST" duration-ms="47" status="PASS">
          <reporter-output>
          </reporter-output>
        </test-method> <!-- test_getBookById_withAuth -->
        <test-method signature="test_getAllBooks_withAuth()[pri:7, instance:in.stackRoute.RestAssured.RestAssuredTest@4808bc9b]" started-at="2021-05-26T14:38:48 IST" name="test_getAllBooks_withAuth" finished-at="2021-05-26T14:38:48 IST" duration-ms="50" status="PASS">
          <reporter-output>
          </reporter-output>
        </test-method> <!-- test_getAllBooks_withAuth -->
        <test-method signature="test_AddToFavourite_withAuth()[pri:8, instance:in.stackRoute.RestAssured.RestAssuredTest@4808bc9b]" started-at="2021-05-26T14:38:48 IST" name="test_AddToFavourite_withAuth" finished-at="2021-05-26T14:38:48 IST" duration-ms="32" status="PASS">
          <reporter-output>
          </reporter-output>
        </test-method> <!-- test_AddToFavourite_withAuth -->
        <test-method signature="test_RemoveFromFavourite_withAuth()[pri:9, instance:in.stackRoute.RestAssured.RestAssuredTest@4808bc9b]" started-at="2021-05-26T14:38:48 IST" name="test_RemoveFromFavourite_withAuth" finished-at="2021-05-26T14:38:48 IST" duration-ms="27" status="PASS">
          <reporter-output>
          </reporter-output>
        </test-method> <!-- test_RemoveFromFavourite_withAuth -->
        <test-method signature="test_fav_withAuth()[pri:11, instance:in.stackRoute.RestAssured.RestAssuredTest@4808bc9b]" started-at="2021-05-26T14:38:48 IST" name="test_fav_withAuth" finished-at="2021-05-26T14:38:48 IST" duration-ms="17" status="PASS">
          <reporter-output>
          </reporter-output>
        </test-method> <!-- test_fav_withAuth -->
      </class> <!-- in.stackRoute.RestAssured.RestAssuredTest -->
      <class name="in.stackRoute.RestAssured.WithoutAuthTest">
        <test-method signature="test_AddBookToDB_WithoutAuth()[pri:0, instance:in.stackRoute.RestAssured.WithoutAuthTest@2ca26d77]" started-at="2021-05-26T14:38:47 IST" name="test_AddBookToDB_WithoutAuth" finished-at="2021-05-26T14:38:47 IST" duration-ms="26" status="PASS">
          <reporter-output>
          </reporter-output>
        </test-method> <!-- test_AddBookToDB_WithoutAuth -->
        <test-method signature="test_AddToFav_WithoutAuth()[pri:0, instance:in.stackRoute.RestAssured.WithoutAuthTest@2ca26d77]" started-at="2021-05-26T14:38:47 IST" name="test_AddToFav_WithoutAuth" finished-at="2021-05-26T14:38:47 IST" duration-ms="26" status="PASS">
          <reporter-output>
          </reporter-output>
        </test-method> <!-- test_AddToFav_WithoutAuth -->
        <test-method signature="test_RemoveFromFav_WithoutAuth()[pri:0, instance:in.stackRoute.RestAssured.WithoutAuthTest@2ca26d77]" started-at="2021-05-26T14:38:47 IST" name="test_RemoveFromFav_WithoutAuth" finished-at="2021-05-26T14:38:47 IST" duration-ms="27" status="PASS">
          <reporter-output>
          </reporter-output>
        </test-method> <!-- test_RemoveFromFav_WithoutAuth -->
        <test-method signature="test_getAllBooks_WithoutAuth()[pri:0, instance:in.stackRoute.RestAssured.WithoutAuthTest@2ca26d77]" started-at="2021-05-26T14:38:47 IST" name="test_getAllBooks_WithoutAuth" finished-at="2021-05-26T14:38:47 IST" duration-ms="17" status="PASS">
          <reporter-output>
          </reporter-output>
        </test-method> <!-- test_getAllBooks_WithoutAuth -->
        <test-method signature="test_getBookByID_WithoutAuth()[pri:0, instance:in.stackRoute.RestAssured.WithoutAuthTest@2ca26d77]" started-at="2021-05-26T14:38:47 IST" name="test_getBookByID_WithoutAuth" finished-at="2021-05-26T14:38:47 IST" duration-ms="14" status="PASS">
          <reporter-output>
          </reporter-output>
        </test-method> <!-- test_getBookByID_WithoutAuth -->
        <test-method signature="test_getFav_WithoutAuth()[pri:0, instance:in.stackRoute.RestAssured.WithoutAuthTest@2ca26d77]" started-at="2021-05-26T14:38:47 IST" name="test_getFav_WithoutAuth" finished-at="2021-05-26T14:38:47 IST" duration-ms="10" status="PASS">
          <reporter-output>
          </reporter-output>
        </test-method> <!-- test_getFav_WithoutAuth -->
        <test-method signature="test_getHomePage_WithoutAuth()[pri:0, instance:in.stackRoute.RestAssured.WithoutAuthTest@2ca26d77]" started-at="2021-05-26T14:38:47 IST" name="test_getHomePage_WithoutAuth" finished-at="2021-05-26T14:38:47 IST" duration-ms="9" status="PASS">
          <reporter-output>
          </reporter-output>
        </test-method> <!-- test_getHomePage_WithoutAuth -->
      </class> <!-- in.stackRoute.RestAssured.WithoutAuthTest -->
      <class name="in.stackRoute.RestAssured.RegisterRestTest">
        <test-method signature="test_postRegister_negative(java.lang.String)[pri:2, instance:in.stackRoute.RestAssured.RegisterRestTest@1169afe1]" started-at="2021-05-26T14:38:45 IST" name="test_postRegister_negative" data-provider="negative_register_data" finished-at="2021-05-26T14:38:47 IST" duration-ms="1201" status="PASS">
          <params>
            <param index="0">
              <value>
                <![CDATA[{"userName": "user13",
"name": "xyz",
"email": "user13@gmail.com",
"password": "pass"}]]>
              </value>
            </param>
          </params>
          <reporter-output>
          </reporter-output>
        </test-method> <!-- test_postRegister_negative -->
        <test-method signature="test_postRegister_negative(java.lang.String)[pri:2, instance:in.stackRoute.RestAssured.RegisterRestTest@1169afe1]" started-at="2021-05-26T14:38:47 IST" name="test_postRegister_negative" data-provider="negative_register_data" finished-at="2021-05-26T14:38:47 IST" duration-ms="23" status="PASS">
          <params>
            <param index="0">
              <value>
                <![CDATA[{"userName": "user13",
"name": "xyz",
"email": "user14@gmail.com",
"password": "pass"}]]>
              </value>
            </param>
          </params>
          <reporter-output>
          </reporter-output>
        </test-method> <!-- test_postRegister_negative -->
        <test-method signature="test_postRegister_negative(java.lang.String)[pri:2, instance:in.stackRoute.RestAssured.RegisterRestTest@1169afe1]" started-at="2021-05-26T14:38:47 IST" name="test_postRegister_negative" data-provider="negative_register_data" finished-at="2021-05-26T14:38:47 IST" duration-ms="22" status="PASS">
          <params>
            <param index="0">
              <value>
                <![CDATA[{"userName": "user14",
"name": "xyz",
"email": "user13@gmail.com",
"password": "pass"}]]>
              </value>
            </param>
          </params>
          <reporter-output>
          </reporter-output>
        </test-method> <!-- test_postRegister_negative -->
        <test-method signature="test_postRegister_negative(java.lang.String)[pri:2, instance:in.stackRoute.RestAssured.RegisterRestTest@1169afe1]" started-at="2021-05-26T14:38:47 IST" name="test_postRegister_negative" data-provider="negative_register_data" finished-at="2021-05-26T14:38:47 IST" duration-ms="23" status="PASS">
          <params>
            <param index="0">
              <value>
                <![CDATA[{"name": "xyz",
"email": "user15@gmail.com",
"password": "pass"}]]>
              </value>
            </param>
          </params>
          <reporter-output>
          </reporter-output>
        </test-method> <!-- test_postRegister_negative -->
        <test-method signature="test_postRegister_negative(java.lang.String)[pri:2, instance:in.stackRoute.RestAssured.RegisterRestTest@1169afe1]" started-at="2021-05-26T14:38:47 IST" name="test_postRegister_negative" data-provider="negative_register_data" finished-at="2021-05-26T14:38:47 IST" duration-ms="18" status="PASS">
          <params>
            <param index="0">
              <value>
                <![CDATA[{"userName": "user15",
"name": "xyz",
"password": "pass"}]]>
              </value>
            </param>
          </params>
          <reporter-output>
          </reporter-output>
        </test-method> <!-- test_postRegister_negative -->
        <test-method signature="test_postRegister_negative(java.lang.String)[pri:2, instance:in.stackRoute.RestAssured.RegisterRestTest@1169afe1]" started-at="2021-05-26T14:38:47 IST" name="test_postRegister_negative" data-provider="negative_register_data" finished-at="2021-05-26T14:38:47 IST" duration-ms="26" status="PASS">
          <params>
            <param index="0">
              <value>
                <![CDATA[{"userName": "user16",
"name": "xyz",
"email": "user16@gmail.com"}]]>
              </value>
            </param>
          </params>
          <reporter-output>
          </reporter-output>
        </test-method> <!-- test_postRegister_negative -->
      </class> <!-- in.stackRoute.RestAssured.RegisterRestTest -->
    </test> <!-- Default test -->
  </suite> <!-- Default suite -->
</testng-results>
